  Audio.cpp
  Button.cpp
  Collision.cpp
  CreditsMenu.cpp
  GameOverScreen.cpp
  Level.cpp
C:\GitHub\Game-Engines-5-Capstone-Project\Game Engines 5 Capstone Project\Game Engines 5 Capstone Project\Level.cpp(6,23): warning C4244: '=': conversion from 'int' to 'float', possible loss of data
C:\GitHub\Game-Engines-5-Capstone-Project\Game Engines 5 Capstone Project\Game Engines 5 Capstone Project\Level.cpp(7,23): warning C4244: '=': conversion from 'int' to 'float', possible loss of data
C:\GitHub\Game-Engines-5-Capstone-Project\Game Engines 5 Capstone Project\Game Engines 5 Capstone Project\Level.cpp(28,26): warning C4244: '=': conversion from 'float' to 'int', possible loss of data
C:\GitHub\Game-Engines-5-Capstone-Project\Game Engines 5 Capstone Project\Game Engines 5 Capstone Project\Level.cpp(29,26): warning C4244: '=': conversion from 'float' to 'int', possible loss of data
  LevelCompleteScreen.cpp
  Main.cpp
C:\GitHub\Game-Engines-5-Capstone-Project\Game Engines 5 Capstone Project\Game Engines 5 Capstone Project\Main.cpp(33,42): warning C4291: 'void *operator new(size_t,const char *,long)': no matching operator delete found; memory will not be freed if initialization throws an exception
C:\GitHub\Game-Engines-5-Capstone-Project\Game Engines 5 Capstone Project\Game Engines 5 Capstone Project\Memory.h(20,7): message : see declaration of 'operator new'
C:\GitHub\Game-Engines-5-Capstone-Project\Game Engines 5 Capstone Project\Game Engines 5 Capstone Project\Main.cpp(88,23): warning C4291: 'void *operator new(size_t,const char *,long)': no matching operator delete found; memory will not be freed if initialization throws an exception
C:\GitHub\Game-Engines-5-Capstone-Project\Game Engines 5 Capstone Project\Game Engines 5 Capstone Project\Memory.h(20,7): message : see declaration of 'operator new'
C:\GitHub\Game-Engines-5-Capstone-Project\Game Engines 5 Capstone Project\Game Engines 5 Capstone Project\Main.cpp(147,30): warning C4291: 'void *operator new(size_t,const char *,long)': no matching operator delete found; memory will not be freed if initialization throws an exception
C:\GitHub\Game-Engines-5-Capstone-Project\Game Engines 5 Capstone Project\Game Engines 5 Capstone Project\Memory.h(20,7): message : see declaration of 'operator new'
C:\GitHub\Game-Engines-5-Capstone-Project\Game Engines 5 Capstone Project\Game Engines 5 Capstone Project\Main.cpp(192,64): warning C4291: 'void *operator new(size_t,const char *,long)': no matching operator delete found; memory will not be freed if initialization throws an exception
C:\GitHub\Game-Engines-5-Capstone-Project\Game Engines 5 Capstone Project\Game Engines 5 Capstone Project\Memory.h(20,7): message : see declaration of 'operator new'
C:\GitHub\Game-Engines-5-Capstone-Project\Game Engines 5 Capstone Project\Game Engines 5 Capstone Project\Main.cpp(220,64): warning C4291: 'void *operator new(size_t,const char *,long)': no matching operator delete found; memory will not be freed if initialization throws an exception
C:\GitHub\Game-Engines-5-Capstone-Project\Game Engines 5 Capstone Project\Game Engines 5 Capstone Project\Memory.h(20,7): message : see declaration of 'operator new'
  Memory.cpp
C:\GitHub\Game-Engines-5-Capstone-Project\Game Engines 5 Capstone Project\Game Engines 5 Capstone Project\Memory.cpp(86,21): warning C4267: 'return': conversion from 'size_t' to 'int', possible loss of data
  OptionsMenu.cpp
  PauseMenu.cpp
  Profiler.cpp
C:\GitHub\Game-Engines-5-Capstone-Project\Game Engines 5 Capstone Project\Game Engines 5 Capstone Project\Profiler.cpp(143,29): warning C4244: 'return': conversion from 'SIZE_T' to 'int', possible loss of data
  TextureManager.cpp
  Vec2.cpp
  Window.cpp
C:\GitHub\Game-Engines-5-Capstone-Project\Game Engines 5 Capstone Project\Game Engines 5 Capstone Project\Window.cpp(218,77): warning C4244: '=': conversion from 'float' to 'int', possible loss of data
C:\GitHub\Game-Engines-5-Capstone-Project\Game Engines 5 Capstone Project\Game Engines 5 Capstone Project\Window.cpp(219,77): warning C4244: '=': conversion from 'float' to 'int', possible loss of data
C:\GitHub\Game-Engines-5-Capstone-Project\Game Engines 5 Capstone Project\Game Engines 5 Capstone Project\Window.cpp(247,13): warning C4244: 'initializing': conversion from 'int' to 'float', possible loss of data
C:\GitHub\Game-Engines-5-Capstone-Project\Game Engines 5 Capstone Project\Game Engines 5 Capstone Project\Window.cpp(248,14): warning C4244: 'initializing': conversion from 'int' to 'float', possible loss of data
C:\GitHub\Game-Engines-5-Capstone-Project\Game Engines 5 Capstone Project\Game Engines 5 Capstone Project\Window.cpp(249,12): warning C4244: 'initializing': conversion from 'int' to 'float', possible loss of data
C:\GitHub\Game-Engines-5-Capstone-Project\Game Engines 5 Capstone Project\Game Engines 5 Capstone Project\Window.cpp(250,15): warning C4244: 'initializing': conversion from 'int' to 'float', possible loss of data
  Generating Code...
  Game Engines 5 Capstone Project.vcxproj -> C:\GitHub\Game-Engines-5-Capstone-Project\Game Engines 5 Capstone Project\x64\Debug\Game Engines 5 Capstone Project.exe
