c:\github\game-engines-5-capstone-project\game engines 5 capstone project\game engines 5 capstone project\x64\debug\vc143.pdb
c:\github\game-engines-5-capstone-project\game engines 5 capstone project\game engines 5 capstone project\x64\debug\vc143.idb
c:\github\game-engines-5-capstone-project\game engines 5 capstone project\game engines 5 capstone project\x64\debug\window.obj
c:\github\game-engines-5-capstone-project\game engines 5 capstone project\game engines 5 capstone project\x64\debug\vec2.obj
c:\github\game-engines-5-capstone-project\game engines 5 capstone project\game engines 5 capstone project\x64\debug\texturemanager.obj
c:\github\game-engines-5-capstone-project\game engines 5 capstone project\game engines 5 capstone project\x64\debug\profiler.obj
c:\github\game-engines-5-capstone-project\game engines 5 capstone project\game engines 5 capstone project\x64\debug\pausemenu.obj
c:\github\game-engines-5-capstone-project\game engines 5 capstone project\game engines 5 capstone project\x64\debug\optionsmenu.obj
c:\github\game-engines-5-capstone-project\game engines 5 capstone project\game engines 5 capstone project\x64\debug\memory.obj
c:\github\game-engines-5-capstone-project\game engines 5 capstone project\game engines 5 capstone project\x64\debug\main.obj
c:\github\game-engines-5-capstone-project\game engines 5 capstone project\game engines 5 capstone project\x64\debug\levelcompletescreen.obj
c:\github\game-engines-5-capstone-project\game engines 5 capstone project\game engines 5 capstone project\x64\debug\level.obj
c:\github\game-engines-5-capstone-project\game engines 5 capstone project\game engines 5 capstone project\x64\debug\gameoverscreen.obj
c:\github\game-engines-5-capstone-project\game engines 5 capstone project\game engines 5 capstone project\x64\debug\creditsmenu.obj
c:\github\game-engines-5-capstone-project\game engines 5 capstone project\game engines 5 capstone project\x64\debug\collision.obj
c:\github\game-engines-5-capstone-project\game engines 5 capstone project\game engines 5 capstone project\x64\debug\button.obj
c:\github\game-engines-5-capstone-project\game engines 5 capstone project\game engines 5 capstone project\x64\debug\audio.obj
c:\github\game-engines-5-capstone-project\game engines 5 capstone project\x64\debug\game engines 5 capstone project.exe
c:\github\game-engines-5-capstone-project\game engines 5 capstone project\game engines 5 capstone project\x64\debug\game engines 5 capstone project.ilk
c:\github\game-engines-5-capstone-project\game engines 5 capstone project\x64\debug\game engines 5 capstone project.pdb
c:\github\game-engines-5-capstone-project\game engines 5 capstone project\game engines 5 capstone project\x64\debug\game eng.acef3ba3.tlog\cl.command.1.tlog
c:\github\game-engines-5-capstone-project\game engines 5 capstone project\game engines 5 capstone project\x64\debug\game eng.acef3ba3.tlog\cl.read.1.tlog
c:\github\game-engines-5-capstone-project\game engines 5 capstone project\game engines 5 capstone project\x64\debug\game eng.acef3ba3.tlog\cl.write.1.tlog
c:\github\game-engines-5-capstone-project\game engines 5 capstone project\game engines 5 capstone project\x64\debug\game eng.acef3ba3.tlog\link.command.1.tlog
c:\github\game-engines-5-capstone-project\game engines 5 capstone project\game engines 5 capstone project\x64\debug\game eng.acef3ba3.tlog\link.read.1.tlog
c:\github\game-engines-5-capstone-project\game engines 5 capstone project\game engines 5 capstone project\x64\debug\game eng.acef3ba3.tlog\link.write.1.tlog
