  Vec2.cpp
C:\GitHub\Game-Engines-5-Capstone-Project\PhysicsVector\PhysicsVector\Vec2.cpp(4,7): warning C4273: 'Vec2Init': inconsistent dll linkage
C:\GitHub\Game-Engines-5-Capstone-Project\PhysicsVector\PhysicsVector\Vec2.h(12,36): message : see previous definition of 'Vec2Init'
C:\GitHub\Game-Engines-5-Capstone-Project\PhysicsVector\PhysicsVector\Vec2.cpp(11,7): warning C4273: 'Vec2Addition': inconsistent dll linkage
C:\GitHub\Game-Engines-5-Capstone-Project\PhysicsVector\PhysicsVector\Vec2.h(13,36): message : see previous definition of 'Vec2Addition'
C:\GitHub\Game-Engines-5-Capstone-Project\PhysicsVector\PhysicsVector\Vec2.cpp(22,7): warning C4273: 'Vec2Subtraction': inconsistent dll linkage
C:\GitHub\Game-Engines-5-Capstone-Project\PhysicsVector\PhysicsVector\Vec2.h(14,36): message : see previous definition of 'Vec2Subtraction'
C:\GitHub\Game-Engines-5-Capstone-Project\PhysicsVector\PhysicsVector\Vec2.cpp(33,7): warning C4273: 'Vec2Division': inconsistent dll linkage
C:\GitHub\Game-Engines-5-Capstone-Project\PhysicsVector\PhysicsVector\Vec2.h(15,36): message : see previous definition of 'Vec2Division'
C:\GitHub\Game-Engines-5-Capstone-Project\PhysicsVector\PhysicsVector\Vec2.cpp(44,7): warning C4273: 'Vec2Multiplication': inconsistent dll linkage
C:\GitHub\Game-Engines-5-Capstone-Project\PhysicsVector\PhysicsVector\Vec2.h(16,36): message : see previous definition of 'Vec2Multiplication'
C:\GitHub\Game-Engines-5-Capstone-Project\PhysicsVector\PhysicsVector\Vec2.cpp(55,7): warning C4273: 'Vec2Rotate': inconsistent dll linkage
C:\GitHub\Game-Engines-5-Capstone-Project\PhysicsVector\PhysicsVector\Vec2.h(18,36): message : see previous definition of 'Vec2Rotate'
C:\GitHub\Game-Engines-5-Capstone-Project\PhysicsVector\PhysicsVector\Vec2.cpp(70,7): warning C4273: 'Vec2Normalize': inconsistent dll linkage
C:\GitHub\Game-Engines-5-Capstone-Project\PhysicsVector\PhysicsVector\Vec2.h(19,36): message : see previous definition of 'Vec2Normalize'
C:\GitHub\Game-Engines-5-Capstone-Project\PhysicsVector\PhysicsVector\Vec2.cpp(80,7): warning C4273: 'Vec2Magnitude': inconsistent dll linkage
C:\GitHub\Game-Engines-5-Capstone-Project\PhysicsVector\PhysicsVector\Vec2.h(21,36): message : see previous definition of 'Vec2Magnitude'
C:\GitHub\Game-Engines-5-Capstone-Project\PhysicsVector\PhysicsVector\Vec2.cpp(89,7): warning C4273: 'Vec2Truncate': inconsistent dll linkage
C:\GitHub\Game-Engines-5-Capstone-Project\PhysicsVector\PhysicsVector\Vec2.h(22,36): message : see previous definition of 'Vec2Truncate'
C:\GitHub\Game-Engines-5-Capstone-Project\PhysicsVector\PhysicsVector\Vec2.cpp(99,7): warning C4273: 'Vec2Dot': inconsistent dll linkage
C:\GitHub\Game-Engines-5-Capstone-Project\PhysicsVector\PhysicsVector\Vec2.h(24,36): message : see previous definition of 'Vec2Dot'
C:\GitHub\Game-Engines-5-Capstone-Project\PhysicsVector\PhysicsVector\Vec2.cpp(107,7): warning C4273: 'Vec2Cross': inconsistent dll linkage
C:\GitHub\Game-Engines-5-Capstone-Project\PhysicsVector\PhysicsVector\Vec2.h(25,36): message : see previous definition of 'Vec2Cross'
